<?xml version="1.0" encoding="UTF-8"?>
<testng-results skipped="0" failed="0" total="1" passed="1">
  <reporter-output>
  </reporter-output>
  <suite name="ion Customer" duration-ms="15308" started-at="2022-06-09T05:18:45Z" finished-at="2022-06-09T05:19:00Z">
    <groups>
    </groups>
    <test name="ion Digital App" duration-ms="15308" started-at="2022-06-09T05:18:45Z" finished-at="2022-06-09T05:19:00Z">
      <class name="com.ion.testcases.Testcase_createConnection_TC001">
        <test-method status="PASS" signature="setup(java.lang.String)[pri:0, instance:com.ion.testcases.Testcase_createConnection_TC001@11531931]" name="setup" is-config="true" duration-ms="6178" started-at="2022-06-08T22:18:45Z" finished-at="2022-06-08T22:18:51Z">
          <params>
            <param index="0">
              <value>
                <![CDATA[chrome]]>
              </value>
            </param>
          </params>
          <reporter-output>
          </reporter-output>
        </test-method> <!-- setup -->
        <test-method status="PASS" signature="registerCustomer(java.lang.String, java.lang.String, java.lang.String, java.lang.String, java.lang.String, java.lang.String, java.lang.String, java.lang.String, java.lang.String, java.lang.String, java.lang.String, java.lang.String, java.lang.String, java.lang.String)[pri:0, instance:com.ion.testcases.Testcase_createConnection_TC001@11531931]" name="registerCustomer" duration-ms="6210" started-at="2022-06-08T22:18:53Z" data-provider="registerCusData" finished-at="2022-06-08T22:18:59Z">
          <params>
            <param index="0">
              <value>
                <![CDATA[Yogita Sharma]]>
              </value>
            </param>
            <param index="1">
              <value>
                <![CDATA[6367965530]]>
              </value>
            </param>
            <param index="2">
              <value>
                <![CDATA[sharmayogita166@gmail.com]]>
              </value>
            </param>
            <param index="3">
              <value>
                <![CDATA[522508]]>
              </value>
            </param>
            <param index="4">
              <value>
                <![CDATA[Namburu]]>
              </value>
            </param>
            <param index="5">
              <value>
                <![CDATA[101 Block B  capital square apartment]]>
              </value>
            </param>
            <param index="6">
              <value>
                <![CDATA[AP]]>
              </value>
            </param>
            <param index="7">
              <value>
                <![CDATA[Vijaywada]]>
              </value>
            </param>
            <param index="8">
              <value>
                <![CDATA[futuredetails]]>
              </value>
            </param>
            <param index="9">
              <value>
                <![CDATA[5675432567]]>
              </value>
            </param>
            <param index="10">
              <value>
                <![CDATA[2336578]]>
              </value>
            </param>
            <param index="11">
              <value>
                <![CDATA[CSA]]>
              </value>
            </param>
            <param index="12">
              <value>
                <![CDATA[9876545678]]>
              </value>
            </param>
            <param index="13">
              <value>
                <![CDATA[society@gmail.com]]>
              </value>
            </param>
          </params>
          <reporter-output>
          </reporter-output>
        </test-method> <!-- registerCustomer -->
        <test-method status="PASS" signature="closesetup()[pri:0, instance:com.ion.testcases.Testcase_createConnection_TC001@11531931]" name="closesetup" is-config="true" duration-ms="1257" started-at="2022-06-08T22:18:59Z" finished-at="2022-06-08T22:19:00Z">
          <reporter-output>
          </reporter-output>
        </test-method> <!-- closesetup -->
      </class> <!-- com.ion.testcases.Testcase_createConnection_TC001 -->
    </test> <!-- ion Digital App -->
  </suite> <!-- ion Customer -->
</testng-results>
